[06:29:26] [ServerMain/WARN]: resource-pack-id missing, using default of 8e294b95-fa2e-3b3b-9774-e0cb4bd37e3c
[06:29:26] [ServerMain/INFO]: Environment: Environment[sessionHost=https://sessionserver.mojang.com, servicesHost=https://api.minecraftservices.com, name=PROD]
[06:29:34] [ServerMain/INFO]: Loaded 1296 recipes
[06:29:35] [ServerMain/INFO]: Loaded 1631 advancements
[06:29:36] [Server thread/INFO]: Starting minecraft server version 1.21.1
[06:29:36] [Server thread/INFO]: Loading properties
[06:29:36] [Server thread/INFO]: Default game type: SURVIVAL
[06:29:36] [Server thread/INFO]: Generating keypair
[06:29:36] [Server thread/INFO]: Starting Minecraft server on 0.0.0.0:7934
[06:29:36] [Server thread/INFO]: Using epoll channel type
[06:29:36] [Server thread/WARN]: **** SERVER IS RUNNING IN OFFLINE/INSECURE MODE!
[06:29:36] [Server thread/WARN]: The server will make no attempt to authenticate usernames. Beware.
[06:29:36] [Server thread/WARN]: While this makes the game possible to play without internet access, it also opens up the ability for hackers to connect with any username they choose.
[06:29:36] [Server thread/WARN]: To change this, set "online-mode" to "true" in the server.properties file.
[06:29:36] [Server thread/INFO]: Preparing level "world"
[06:29:45] [Server thread/INFO]: Preparing start region for dimension minecraft:overworld
[06:29:46] [Worker-Main-1/INFO]: Preparing spawn area: 0%
[06:29:46] [Worker-Main-1/INFO]: Preparing spawn area: 0%
[06:29:46] [Worker-Main-1/INFO]: Preparing spawn area: 0%
[06:29:46] [Server thread/INFO]: Time elapsed: 1331 ms
[06:29:46] [Server thread/INFO]: Done (9.766s)! For help, type "help"
